C:\DEZ\WORK\GAMEMAKING\VISUAL STUDIO PROJECTS\ATHENA\ATHENA\RELEASE\ATHENA.EXE.INTERMEDIATE.MANIFEST
C:\DEZ\WORK\GAMEMAKING\VISUAL STUDIO PROJECTS\ATHENA\ATHENA\RELEASE\AUDIO.OBJ
C:\DEZ\WORK\GAMEMAKING\VISUAL STUDIO PROJECTS\ATHENA\ATHENA\RELEASE\CALCULATIONS.OBJ
C:\Dez\Work\Gamemaking\Visual Studio Projects\Athena\Athena\Release\cl.command.1.tlog
C:\Dez\Work\Gamemaking\Visual Studio Projects\Athena\Athena\Release\CL.read.1.tlog
C:\Dez\Work\Gamemaking\Visual Studio Projects\Athena\Athena\Release\CL.write.1.tlog
C:\DEZ\WORK\GAMEMAKING\VISUAL STUDIO PROJECTS\ATHENA\ATHENA\RELEASE\DATASTORE.OBJ
C:\DEZ\WORK\GAMEMAKING\VISUAL STUDIO PROJECTS\ATHENA\ATHENA\RELEASE\INPUT.OBJ
C:\Dez\Work\Gamemaking\Visual Studio Projects\Athena\Athena\Release\link.command.1.tlog
C:\Dez\Work\Gamemaking\Visual Studio Projects\Athena\Athena\Release\link.read.1.tlog
C:\Dez\Work\Gamemaking\Visual Studio Projects\Athena\Athena\Release\link.write.1.tlog
C:\DEZ\WORK\GAMEMAKING\VISUAL STUDIO PROJECTS\ATHENA\ATHENA\RELEASE\MAIN.OBJ
C:\Dez\Work\Gamemaking\Visual Studio Projects\Athena\Athena\Release\mt.command.1.tlog
C:\Dez\Work\Gamemaking\Visual Studio Projects\Athena\Athena\Release\mt.read.1.tlog
C:\Dez\Work\Gamemaking\Visual Studio Projects\Athena\Athena\Release\mt.write.1.tlog
C:\DEZ\WORK\GAMEMAKING\VISUAL STUDIO PROJECTS\ATHENA\ATHENA\RELEASE\PHYSICS.OBJ
C:\DEZ\WORK\GAMEMAKING\VISUAL STUDIO PROJECTS\ATHENA\ATHENA\RELEASE\SECTOR.OBJ
C:\DEZ\WORK\GAMEMAKING\VISUAL STUDIO PROJECTS\ATHENA\ATHENA\RELEASE\SETTINGS.OBJ
C:\DEZ\WORK\GAMEMAKING\VISUAL STUDIO PROJECTS\ATHENA\ATHENA\RELEASE\TEXTURES.OBJ
C:\DEZ\WORK\GAMEMAKING\VISUAL STUDIO PROJECTS\ATHENA\ATHENA\RELEASE\TILE.OBJ
C:\DEZ\WORK\GAMEMAKING\VISUAL STUDIO PROJECTS\ATHENA\ATHENA\RELEASE\VC100.PDB
C:\DEZ\WORK\GAMEMAKING\VISUAL STUDIO PROJECTS\ATHENA\ATHENA\RELEASE\VIDEO.OBJ
C:\DEZ\WORK\GAMEMAKING\VISUAL STUDIO PROJECTS\ATHENA\RELEASE\ATHENA.EXE
C:\DEZ\WORK\GAMEMAKING\VISUAL STUDIO PROJECTS\ATHENA\RELEASE\ATHENA.PDB
