Build started 5/25/2011 3:45:57 PM.
     1>Project "C:\Dez\Work\Gamemaking\Visual Studio Projects\Athena\Athena\Athena.vcxproj" on node 2 (build target(s)).
     1>InitializeBuildStatus:
         Creating "Release\Athena.unsuccessfulbuild" because "AlwaysCreate" was specified.
       ClCompile:
         C:\Program Files (x86)\Microsoft Visual Studio 10.0\VC\bin\CL.exe /c /Zi /nologo /W3 /WX- /O2 /Oi /Oy- /GL /D WIN32 /D NDEBUG /D _CONSOLE /D _UNICODE /D UNICODE /Gm- /EHsc /MD /GS /Gy /fp:precise /Zc:wchar_t /Zc:forScope /Fo"Release\\" /Fd"Release\vc100.pdb" /Gd /TP /analyze- /errorReport:prompt Audio.cpp Calculations.cpp DataStore.cpp Input.cpp Main.cpp Physics.cpp Sector.cpp Textures.cpp Video.cpp
         Audio.cpp
     1>Audio.cpp(32): warning C4018: '<' : signed/unsigned mismatch
         Calculations.cpp
     1>Calculations.cpp(187): warning C4244: '=' : conversion from 'double' to 'float', possible loss of data
     1>Calculations.cpp(194): warning C4018: '<' : signed/unsigned mismatch
         DataStore.cpp
     1>DataStore.cpp(24): warning C4244: '=' : conversion from 'int' to 'float', possible loss of data
     1>DataStore.cpp(25): warning C4244: '=' : conversion from 'int' to 'float', possible loss of data
     1>DataStore.cpp(69): warning C4018: '<' : signed/unsigned mismatch
     1>DataStore.cpp(99): warning C4018: '<' : signed/unsigned mismatch
     1>DataStore.cpp(101): warning C4018: '<' : signed/unsigned mismatch
     1>DataStore.cpp(167): warning C4244: '=' : conversion from 'float' to 'int', possible loss of data
     1>DataStore.cpp(168): warning C4244: '=' : conversion from 'float' to 'int', possible loss of data
     1>DataStore.cpp(186): warning C4244: '=' : conversion from 'float' to 'int', possible loss of data
     1>DataStore.cpp(187): warning C4244: '=' : conversion from 'float' to 'int', possible loss of data
         Input.cpp
     1>Input.cpp(28): warning C4244: '=' : conversion from 'int' to 'float', possible loss of data
     1>Input.cpp(29): warning C4244: '=' : conversion from 'int' to 'float', possible loss of data
         Main.cpp
         Physics.cpp
     1>Physics.cpp(7): warning C4305: '=' : truncation from 'double' to 'float'
         Sector.cpp
     1>Sector.cpp(16): warning C4018: '<' : signed/unsigned mismatch
     1>Sector.cpp(18): warning C4018: '<' : signed/unsigned mismatch
         Textures.cpp
         Video.cpp
     1>Video.cpp(83): warning C4244: 'argument' : conversion from 'int' to 'float', possible loss of data
     1>Video.cpp(84): warning C4244: 'argument' : conversion from 'int' to 'float', possible loss of data
     1>Video.cpp(93): warning C4244: 'initializing' : conversion from 'int' to 'float', possible loss of data
     1>Video.cpp(119): warning C4244: 'initializing' : conversion from 'int' to 'float', possible loss of data
     1>Video.cpp(125): warning C4018: '<' : signed/unsigned mismatch
     1>Video.cpp(146): warning C4244: 'initializing' : conversion from 'int' to 'float', possible loss of data
       Link:
         C:\Program Files (x86)\Microsoft Visual Studio 10.0\VC\bin\link.exe /ERRORREPORT:PROMPT /OUT:"C:\Dez\Work\Gamemaking\Visual Studio Projects\Athena\Release\Athena.exe" /INCREMENTAL:NO /NOLOGO "sfml-system-s.lib" "sfml-window-s.lib" "sfml-graphics-s.lib" "sfml-audio-s.lib" opengl32.lib glu32.lib kernel32.lib user32.lib gdi32.lib winspool.lib comdlg32.lib advapi32.lib shell32.lib ole32.lib oleaut32.lib uuid.lib odbc32.lib odbccp32.lib /MANIFEST /ManifestFile:"Release\Athena.exe.intermediate.manifest" /MANIFESTUAC:"level='asInvoker' uiAccess='false'" /DEBUG /PDB:"C:\Dez\Work\Gamemaking\Visual Studio Projects\Athena\Release\Athena.pdb" /SUBSYSTEM:CONSOLE /OPT:REF /OPT:ICF /LTCG /TLBID:1 /DYNAMICBASE /NXCOMPAT /IMPLIB:"C:\Dez\Work\Gamemaking\Visual Studio Projects\Athena\Release\Athena.lib" /MACHINE:X86 Release\Audio.obj
         Release\Calculations.obj
         Release\DataStore.obj
         Release\Input.obj
         Release\Main.obj
         Release\Physics.obj
         Release\Sector.obj
         Release\Settings.obj
         Release\Textures.obj
         Release\Tile.obj
         Release\Video.obj
     1>LINK : warning LNK4098: defaultlib 'LIBCMT' conflicts with use of other libs; use /NODEFAULTLIB:library
         Generating code
         Finished generating code
         Athena.vcxproj -> C:\Dez\Work\Gamemaking\Visual Studio Projects\Athena\Release\Athena.exe
       Manifest:
         C:\Program Files (x86)\Microsoft SDKs\Windows\v7.0A\bin\mt.exe /nologo /verbose /outputresource:"C:\Dez\Work\Gamemaking\Visual Studio Projects\Athena\Release\Athena.exe;#1" /manifest Release\Athena.exe.intermediate.manifest
       FinalizeBuildStatus:
         Deleting file "Release\Athena.unsuccessfulbuild".
         Touching "Release\Athena.lastbuildstate".
     1>Done Building Project "C:\Dez\Work\Gamemaking\Visual Studio Projects\Athena\Athena\Athena.vcxproj" (build target(s)).

Build succeeded.

Time Elapsed 00:00:08.71
