Build started 2/17/2011 12:42:06 PM.
     1>Project "C:\Dez\Work\Gamemaking\Visual Studio Projects\Athena\Athena\Athena.vcxproj" on node 2 (build target(s)).
     1>InitializeBuildStatus:
         Creating "Debug\Athena.unsuccessfulbuild" because "AlwaysCreate" was specified.
       ClCompile:
         C:\Program Files (x86)\Microsoft Visual Studio 10.0\VC\bin\CL.exe /c /ZI /nologo /W3 /WX- /Od /Oy- /D WIN32 /D _DEBUG /D _CONSOLE /D _UNICODE /D UNICODE /Gm /EHsc /RTC1 /MDd /GS /fp:precise /Zc:wchar_t /Zc:forScope /Fo"Debug\\" /Fd"Debug\vc100.pdb" /Gd /TP /analyze- /errorReport:prompt DataStore.cpp
         DataStore.cpp
     1>c:\dez\work\gamemaking\visual studio projects\athena\athena\datastore.cpp(24): warning C4244: '=' : conversion from 'int' to 'float', possible loss of data
     1>c:\dez\work\gamemaking\visual studio projects\athena\athena\datastore.cpp(25): warning C4244: '=' : conversion from 'int' to 'float', possible loss of data
     1>c:\dez\work\gamemaking\visual studio projects\athena\athena\datastore.cpp(69): warning C4018: '<' : signed/unsigned mismatch
     1>c:\dez\work\gamemaking\visual studio projects\athena\athena\datastore.cpp(99): warning C4018: '<' : signed/unsigned mismatch
     1>c:\dez\work\gamemaking\visual studio projects\athena\athena\datastore.cpp(101): warning C4018: '<' : signed/unsigned mismatch
     1>c:\dez\work\gamemaking\visual studio projects\athena\athena\datastore.cpp(194): warning C4244: 'argument' : conversion from 'float' to 'int', possible loss of data
     1>c:\dez\work\gamemaking\visual studio projects\athena\athena\datastore.cpp(194): warning C4244: 'argument' : conversion from 'float' to 'int', possible loss of data
     1>c:\dez\work\gamemaking\visual studio projects\athena\athena\datastore.cpp(215): warning C4244: '=' : conversion from 'int' to 'float', possible loss of data
     1>c:\dez\work\gamemaking\visual studio projects\athena\athena\datastore.cpp(216): warning C4244: '=' : conversion from 'int' to 'float', possible loss of data
       ManifestResourceCompile:
         All outputs are up-to-date.
       Link:
         C:\Program Files (x86)\Microsoft Visual Studio 10.0\VC\bin\link.exe /ERRORREPORT:PROMPT /OUT:"C:\Dez\Work\Gamemaking\Visual Studio Projects\Athena\Debug\Athena.exe" /INCREMENTAL /NOLOGO "sfml-system-s-d.lib" "sfml-window-s-d.lib" "sfml-graphics-s-d.lib" "sfml-audio-s-d.lib" opengl32.lib glu32.lib kernel32.lib user32.lib gdi32.lib winspool.lib comdlg32.lib advapi32.lib shell32.lib ole32.lib oleaut32.lib uuid.lib odbc32.lib odbccp32.lib /MANIFEST /ManifestFile:"Debug\Athena.exe.intermediate.manifest" /MANIFESTUAC:"level='asInvoker' uiAccess='false'" /DEBUG /PDB:"C:\Dez\Work\Gamemaking\Visual Studio Projects\Athena\Debug\Athena.pdb" /SUBSYSTEM:CONSOLE /TLBID:1 /DYNAMICBASE /NXCOMPAT /IMPLIB:"C:\Dez\Work\Gamemaking\Visual Studio Projects\Athena\Debug\Athena.lib" /MACHINE:X86 Debug\Athena.exe.embed.manifest.res
         Debug\Audio.obj
         Debug\Calculations.obj
         Debug\DataStore.obj
         Debug\Input.obj
         Debug\Main.obj
         Debug\Physics.obj
         Debug\Sector.obj
         Debug\Settings.obj
         Debug\Textures.obj
         Debug\Tile.obj
         Debug\Video.obj
       Manifest:
         C:\Program Files (x86)\Microsoft SDKs\Windows\v7.0A\bin\mt.exe /nologo /verbose /out:"Debug\Athena.exe.embed.manifest" /manifest Debug\Athena.exe.intermediate.manifest
         All outputs are up-to-date.
       LinkEmbedManifest:
         All outputs are up-to-date.
         Athena.vcxproj -> C:\Dez\Work\Gamemaking\Visual Studio Projects\Athena\Debug\Athena.exe
       FinalizeBuildStatus:
         Deleting file "Debug\Athena.unsuccessfulbuild".
         Touching "Debug\Athena.lastbuildstate".
     1>Done Building Project "C:\Dez\Work\Gamemaking\Visual Studio Projects\Athena\Athena\Athena.vcxproj" (build target(s)).

Build succeeded.

Time Elapsed 00:00:01.90
