C:\DEZ\WORK\GAMEMAKING\VISUAL STUDIO PROJECTS\ATHENA\ATHENA\DEBUG\ATHENA.EXE.EMBED.MANIFEST
C:\DEZ\WORK\GAMEMAKING\VISUAL STUDIO PROJECTS\ATHENA\ATHENA\DEBUG\ATHENA.EXE.EMBED.MANIFEST.RES
C:\DEZ\WORK\GAMEMAKING\VISUAL STUDIO PROJECTS\ATHENA\ATHENA\DEBUG\ATHENA.EXE.INTERMEDIATE.MANIFEST
C:\Dez\Work\Gamemaking\Visual Studio Projects\Athena\Athena\Debug\Athena_manifest.rc
C:\DEZ\WORK\GAMEMAKING\VISUAL STUDIO PROJECTS\ATHENA\ATHENA\DEBUG\AUDIO.OBJ
C:\DEZ\WORK\GAMEMAKING\VISUAL STUDIO PROJECTS\ATHENA\ATHENA\DEBUG\CALCULATIONS.OBJ
C:\Dez\Work\Gamemaking\Visual Studio Projects\Athena\Athena\Debug\cl.command.1.tlog
C:\Dez\Work\Gamemaking\Visual Studio Projects\Athena\Athena\Debug\CL.read.1.tlog
C:\Dez\Work\Gamemaking\Visual Studio Projects\Athena\Athena\Debug\CL.write.1.tlog
C:\DEZ\WORK\GAMEMAKING\VISUAL STUDIO PROJECTS\ATHENA\ATHENA\DEBUG\DATASTORE.OBJ
C:\DEZ\WORK\GAMEMAKING\VISUAL STUDIO PROJECTS\ATHENA\ATHENA\DEBUG\INPUT.OBJ
C:\Dez\Work\Gamemaking\Visual Studio Projects\Athena\Athena\Debug\link.1468.read.1.tlog
C:\Dez\Work\Gamemaking\Visual Studio Projects\Athena\Athena\Debug\link.1468.write.1.tlog
C:\Dez\Work\Gamemaking\Visual Studio Projects\Athena\Athena\Debug\link.1468-cvtres.read.1.tlog
C:\Dez\Work\Gamemaking\Visual Studio Projects\Athena\Athena\Debug\link.1468-cvtres.write.1.tlog
C:\Dez\Work\Gamemaking\Visual Studio Projects\Athena\Athena\Debug\link.4216.read.1.tlog
C:\Dez\Work\Gamemaking\Visual Studio Projects\Athena\Athena\Debug\link.4216.write.1.tlog
C:\Dez\Work\Gamemaking\Visual Studio Projects\Athena\Athena\Debug\link.4216-cvtres.read.1.tlog
C:\Dez\Work\Gamemaking\Visual Studio Projects\Athena\Athena\Debug\link.4216-cvtres.write.1.tlog
C:\Dez\Work\Gamemaking\Visual Studio Projects\Athena\Athena\Debug\link.4768.read.1.tlog
C:\Dez\Work\Gamemaking\Visual Studio Projects\Athena\Athena\Debug\link.4768.write.1.tlog
C:\Dez\Work\Gamemaking\Visual Studio Projects\Athena\Athena\Debug\link.4768-cvtres.read.1.tlog
C:\Dez\Work\Gamemaking\Visual Studio Projects\Athena\Athena\Debug\link.4768-cvtres.write.1.tlog
C:\Dez\Work\Gamemaking\Visual Studio Projects\Athena\Athena\Debug\link.5476.read.1.tlog
C:\Dez\Work\Gamemaking\Visual Studio Projects\Athena\Athena\Debug\link.5476.write.1.tlog
C:\Dez\Work\Gamemaking\Visual Studio Projects\Athena\Athena\Debug\link.5476-cvtres.read.1.tlog
C:\Dez\Work\Gamemaking\Visual Studio Projects\Athena\Athena\Debug\link.5476-cvtres.write.1.tlog
C:\Dez\Work\Gamemaking\Visual Studio Projects\Athena\Athena\Debug\link.596.read.1.tlog
C:\Dez\Work\Gamemaking\Visual Studio Projects\Athena\Athena\Debug\link.596.write.1.tlog
C:\Dez\Work\Gamemaking\Visual Studio Projects\Athena\Athena\Debug\link.596-cvtres.read.1.tlog
C:\Dez\Work\Gamemaking\Visual Studio Projects\Athena\Athena\Debug\link.596-cvtres.write.1.tlog
C:\Dez\Work\Gamemaking\Visual Studio Projects\Athena\Athena\Debug\link.820.read.1.tlog
C:\Dez\Work\Gamemaking\Visual Studio Projects\Athena\Athena\Debug\link.820.write.1.tlog
C:\Dez\Work\Gamemaking\Visual Studio Projects\Athena\Athena\Debug\link.820-cvtres.read.1.tlog
C:\Dez\Work\Gamemaking\Visual Studio Projects\Athena\Athena\Debug\link.820-cvtres.write.1.tlog
C:\Dez\Work\Gamemaking\Visual Studio Projects\Athena\Athena\Debug\link.980.read.1.tlog
C:\Dez\Work\Gamemaking\Visual Studio Projects\Athena\Athena\Debug\link.980.write.1.tlog
C:\Dez\Work\Gamemaking\Visual Studio Projects\Athena\Athena\Debug\link.980-cvtres.read.1.tlog
C:\Dez\Work\Gamemaking\Visual Studio Projects\Athena\Athena\Debug\link.980-cvtres.write.1.tlog
C:\Dez\Work\Gamemaking\Visual Studio Projects\Athena\Athena\Debug\link.command.1.tlog
C:\Dez\Work\Gamemaking\Visual Studio Projects\Athena\Athena\Debug\link.read.1.tlog
C:\Dez\Work\Gamemaking\Visual Studio Projects\Athena\Athena\Debug\link.write.1.tlog
C:\Dez\Work\Gamemaking\Visual Studio Projects\Athena\Athena\Debug\link-cvtres.read.1.tlog
C:\Dez\Work\Gamemaking\Visual Studio Projects\Athena\Athena\Debug\link-cvtres.write.1.tlog
C:\DEZ\WORK\GAMEMAKING\VISUAL STUDIO PROJECTS\ATHENA\ATHENA\DEBUG\MAIN.OBJ
C:\Dez\Work\Gamemaking\Visual Studio Projects\Athena\Athena\Debug\mt.command.1.tlog
C:\Dez\Work\Gamemaking\Visual Studio Projects\Athena\Athena\Debug\mt.read.1.tlog
C:\Dez\Work\Gamemaking\Visual Studio Projects\Athena\Athena\Debug\mt.write.1.tlog
C:\DEZ\WORK\GAMEMAKING\VISUAL STUDIO PROJECTS\ATHENA\ATHENA\DEBUG\PHYSICS.OBJ
C:\Dez\Work\Gamemaking\Visual Studio Projects\Athena\Athena\Debug\rc.command.1.tlog
C:\Dez\Work\Gamemaking\Visual Studio Projects\Athena\Athena\Debug\rc.read.1.tlog
C:\Dez\Work\Gamemaking\Visual Studio Projects\Athena\Athena\Debug\rc.write.1.tlog
C:\DEZ\WORK\GAMEMAKING\VISUAL STUDIO PROJECTS\ATHENA\ATHENA\DEBUG\SECTOR.OBJ
C:\DEZ\WORK\GAMEMAKING\VISUAL STUDIO PROJECTS\ATHENA\ATHENA\DEBUG\SETTINGS.OBJ
C:\DEZ\WORK\GAMEMAKING\VISUAL STUDIO PROJECTS\ATHENA\ATHENA\DEBUG\TEXTURES.OBJ
C:\DEZ\WORK\GAMEMAKING\VISUAL STUDIO PROJECTS\ATHENA\ATHENA\DEBUG\TILE.OBJ
C:\Dez\Work\Gamemaking\Visual Studio Projects\Athena\Athena\Debug\vc100.idb
C:\DEZ\WORK\GAMEMAKING\VISUAL STUDIO PROJECTS\ATHENA\ATHENA\DEBUG\VC100.PDB
C:\DEZ\WORK\GAMEMAKING\VISUAL STUDIO PROJECTS\ATHENA\ATHENA\DEBUG\VIDEO.OBJ
C:\DEZ\WORK\GAMEMAKING\VISUAL STUDIO PROJECTS\ATHENA\DEBUG\ATHENA.EXE
C:\DEZ\WORK\GAMEMAKING\VISUAL STUDIO PROJECTS\ATHENA\DEBUG\ATHENA.ILK
C:\DEZ\WORK\GAMEMAKING\VISUAL STUDIO PROJECTS\ATHENA\DEBUG\ATHENA.PDB
